#-----------------------------------------------------------
# Vivado v2018.2 (64-bit)
# SW Build 2258646 on Thu Jun 14 20:03:12 MDT 2018
# IP Build 2256618 on Thu Jun 14 22:10:49 MDT 2018
# Start of session at: Wed Apr 24 11:49:50 2019
# Process ID: 7216
# Current directory: C:/Users/Kevin Wong/factorial_calculator
# Command line: vivado.exe -gui_launcher_event rodinguilauncherevent12168 C:\Users\Kevin Wong\factorial_calculator\factorial_calculator.xpr
# Log file: C:/Users/Kevin Wong/factorial_calculator/vivado.log
# Journal file: C:/Users/Kevin Wong/factorial_calculator\vivado.jou
#-----------------------------------------------------------
start_gui
open_project {C:/Users/Kevin Wong/factorial_calculator/factorial_calculator.xpr}
Scanning sources...
Finished scanning sources
INFO: [IP_Flow 19-234] Refreshing IP repositories
INFO: [IP_Flow 19-1704] No user IP repositories specified
INFO: [IP_Flow 19-2313] Loaded Vivado IP repository 'C:/Xilinx/Vivado/2018.2/data/ip'.
open_project: Time (s): cpu = 00:00:15 ; elapsed = 00:00:06 . Memory (MB): peak = 772.961 ; gain = 42.934
update_compile_order -fileset sources_1
import_files
INFO: [filemgmt 20-348] Importing the appropriate files for fileset: 'sim_1'
INFO: [filemgmt 20-348] Importing the appropriate files for fileset: 'sources_1'
exit
INFO: [Common 17-206] Exiting Vivado at Wed Apr 24 11:51:22 2019...
